<?xml version="1.0" encoding="UTF-8"?>
<!-- Generated by org.testng.reporters.JUnitXMLReporter -->
<testsuite ignored="0" hostname="DESKTOP-1BNCDKD" failures="2" tests="2" name="Buggy Cars Rating" time="25.528" errors="0" timestamp="2022-08-16T23:21:04 NZST">
  <testcase classname="com.buggycarsrating.testCases.TC_02_Login" name="Login_Test" time="1.269">
    <failure type="java.lang.AssertionError">
      <![CDATA[java.lang.AssertionError
at org.junit.Assert.fail(Assert.java:86)
at org.junit.Assert.assertTrue(Assert.java:41)
at org.junit.Assert.assertTrue(Assert.java:52)
at com.buggycarsrating.testCases.TC_02_Login.Login_Test(TC_02_Login.java:40)
at java.base/java.util.ArrayList.forEach(ArrayList.java:1511)
... Removed 25 stack frames]]>
    </failure>
  </testcase> <!-- Login_Test -->
  <testcase classname="com.buggycarsrating.testCases.TC_04_Voting" name="TC_04_Voting1" time="19.26">
    <failure type="java.lang.AssertionError">
      <![CDATA[java.lang.AssertionError
at org.junit.Assert.fail(Assert.java:86)
at org.junit.Assert.assertTrue(Assert.java:41)
at org.junit.Assert.assertTrue(Assert.java:52)
at com.buggycarsrating.testCases.TC_04_Voting.TC_04_Voting1(TC_04_Voting.java:33)
at java.base/java.util.ArrayList.forEach(ArrayList.java:1511)
... Removed 25 stack frames]]>
    </failure>
  </testcase> <!-- TC_04_Voting1 -->
</testsuite> <!-- Buggy Cars Rating -->
